Benchmark/FD1/app/build/intermediates/manifest_merge_blame_file/debug/manifest-merger-blame-debug-report.txt
1<?xml version="1.0" encoding="utf-8"?>
2<manifest xmlns:android="http://schemas.android.com/apk/res/android"
3    package="org.fdroid.fdroid"
4    android:versionCode="29"
5    android:versionName="1.6.11" >
6
7    <uses-sdk
8        android:minSdkVersion="26"
8-->src\main\AndroidManifest.xml
9        android:targetSdkVersion="31" />
9-->src\main\AndroidManifest.xml
10
11    <uses-permission android:name="android.permission.INTERNET" />
11-->src\main\AndroidManifest.xml:20:2-64
11-->src\main\AndroidManifest.xml:20:19-61
12    <uses-permission android:name="android.permission.ACCESS_NETWORK_STATE" />
12-->src\main\AndroidManifest.xml:21:2-76
12-->src\main\AndroidManifest.xml:21:19-73
13    <uses-permission android:name="android.permission.READ_EXTERNAL_STORAGE" />
13-->src\main\AndroidManifest.xml:22:2-77
13-->src\main\AndroidManifest.xml:22:19-74
14    <uses-permission android:name="android.permission.WRITE_EXTERNAL_STORAGE" />
14-->src\main\AndroidManifest.xml:23:2-78
14-->src\main\AndroidManifest.xml:23:19-75
15
16    <application
16-->src\main\AndroidManifest.xml:5:2-18:16
17        android:appComponentFactory="androidx.core.app.CoreComponentFactory"
17-->[androidx.core:core:1.7.0] AndroidManifest.xml:24:18-86
18        android:debuggable="true"
19        android:extractNativeLibs="false"
20        android:icon="@drawable/icon"
20-->src\main\AndroidManifest.xml:6:4-33
21        android:label="@string/app_name"
21-->src\main\AndroidManifest.xml:5:15-47
22        android:requestLegacyExternalStorage="true" >
22-->src\main\AndroidManifest.xml:7:4-47
23        <activity
23-->src\main\AndroidManifest.xml:8:3-14:14
24            android:name="org.fdroid.fdroid.FDroid"
24-->src\main\AndroidManifest.xml:8:13-35
25            android:exported="true" >
25-->src\main\AndroidManifest.xml:9:4-27
26            <intent-filter>
26-->src\main\AndroidManifest.xml:10:4-13:20
27                <action android:name="android.intent.action.MAIN" />
27-->src\main\AndroidManifest.xml:11:5-57
27-->src\main\AndroidManifest.xml:11:13-54
28
29                <category android:name="android.intent.category.LAUNCHER" />
29-->src\main\AndroidManifest.xml:12:5-65
29-->src\main\AndroidManifest.xml:12:15-62
30            </intent-filter>
31        </activity>
32        <activity android:name="org.fdroid.fdroid.ManageRepo" />
32-->src\main\AndroidManifest.xml:15:3-42
32-->src\main\AndroidManifest.xml:15:13-39
33        <activity android:name="org.fdroid.fdroid.Settings" />
33-->src\main\AndroidManifest.xml:16:3-39
33-->src\main\AndroidManifest.xml:16:13-36
34        <activity android:name="org.fdroid.fdroid.AppDetails" />
34-->src\main\AndroidManifest.xml:17:3-42
34-->src\main\AndroidManifest.xml:17:13-39
35    </application>
36
37</manifest>